生成启动时间为 2015/12/17 10:26:00。
     1>项目“C:\Users\jszx\Desktop\srf-civilacsion\srf-civilacsion\srf-civilacsion.vcxproj”在节点 2 上(build 个目标)。
     1>InitializeBuildStatus:
         正在创建“Debug\srf-civilacsion.unsuccessfulbuild”，因为已指定“AlwaysCreate”。
       ClCompile:
         所有输出均为最新。
         所有输出均为最新。
       ResourceCompile:
         C:\Program Files\Microsoft SDKs\Windows\v7.0A\bin\rc.exe /D _DEBUG /D _UNICODE /D UNICODE /D _AFXDLL /l"0x0804" /IDebug\ /nologo /fo"Debug\srf-civilacsion.res" srf-civilacsion.rc 
       ManifestResourceCompile:
         所有输出均为最新。
       Link:
         C:\Program Files\Microsoft Visual Studio 10.0\VC\bin\link.exe /ERRORREPORT:PROMPT /OUT:"C:\Users\jszx\Desktop\srf-civilacsion\Debug\srf-civilacsion.exe" /INCREMENTAL /NOLOGO /MANIFEST /ManifestFile:"Debug\srf-civilacsion.exe.intermediate.manifest" /MANIFESTUAC:"level='asInvoker' uiAccess='false'" /DEBUG /PDB:"C:\Users\jszx\Desktop\srf-civilacsion\Debug\srf-civilacsion.pdb" /SUBSYSTEM:WINDOWS /TLBID:1 /ENTRY:"wWinMainCRTStartup" /DYNAMICBASE /NXCOMPAT /IMPLIB:"C:\Users\jszx\Desktop\srf-civilacsion\Debug\srf-civilacsion.lib" /MACHINE:X86 "Debug\srf-civilacsion.res"
         "Debug\srf-civilacsion.exe.embed.manifest.res"
         "Debug\srf-civilacsion.obj"
         "Debug\srf-civilacsionDlg.obj"
         Debug\stdafx.obj
       Manifest:
         C:\Program Files\Microsoft SDKs\Windows\v7.0A\bin\mt.exe /nologo /verbose /out:"Debug\srf-civilacsion.exe.embed.manifest" /manifest "Debug\srf-civilacsion.exe.intermediate.manifest" "C:\Program Files\Microsoft Visual Studio 10.0\VC\Include\Manifest\dpiaware.manifest"
         所有输出均为最新。
       LinkEmbedManifest:
         所有输出均为最新。
         srf-civilacsion.vcxproj -> C:\Users\jszx\Desktop\srf-civilacsion\Debug\srf-civilacsion.exe
       FinalizeBuildStatus:
         正在删除文件“Debug\srf-civilacsion.unsuccessfulbuild”。
         正在对“Debug\srf-civilacsion.lastbuildstate”执行 Touch 任务。
     1>已完成生成项目“C:\Users\jszx\Desktop\srf-civilacsion\srf-civilacsion\srf-civilacsion.vcxproj”(build 个目标)的操作。

生成成功。

已用时间 00:00:00.24
